{"sessionId": "5a4602", "location": "pipeline.py:_load_cnn_model", "message": "model_load_attempt", "data": {"path": "checkpoints/best_emotion.pth", "exists": true}, "hypothesisId": "A", "timestamp": 1773191963507}
{"sessionId": "5a4602", "location": "pipeline.py:_load_cnn_model", "message": "key_match", "data": {"model_key_count": 81, "ckpt_key_count": 81, "missing_in_ckpt": [], "extra_in_ckpt": []}, "hypothesisId": "A", "timestamp": 1773191963527}
{"sessionId": "5a4602", "location": "pipeline.py:_process_file", "message": "preprocess_result", "data": {"audio_len": 80000, "audio_min": -1.0, "audio_max": 0.7116906642913818}, "hypothesisId": "B", "timestamp": 1773191967276}
{"sessionId": "5a4602", "location": "pipeline.py:_get_emotion_from_mel", "message": "audio_stats", "data": {"shape": [80000], "dtype": "float32", "min": -1.0, "max": 0.7116906642913818, "mean": -5.5904965847730637e-05, "std": 0.05887093394994736, "nonzero_ratio": 0.332325}, "hypothesisId": "D", "timestamp": 1773191967276}
{"sessionId": "5a4602", "location": "pipeline.py:_get_emotion_from_mel", "message": "mel_before_norm", "data": {"shape": [128, 157], "min": -80.0, "max": 1.9073486328125e-06, "mean": -67.77442169189453, "std": 18.59328842163086}, "hypothesisId": "C", "timestamp": 1773191967284}
{"sessionId": "5a4602", "location": "pipeline.py:_get_emotion_from_mel", "message": "tensor_stats", "data": {"shape": [1, 1, 128, 157], "min": -0.657526433467865, "max": 3.645101308822632}, "hypothesisId": "D", "timestamp": 1773191967292}
{"sessionId": "5a4602", "location": "pipeline.py:_get_emotion_from_mel", "message": "model_output", "data": {"probs": {"happy": 0.000479691952932626, "angry": 0.0019966047257184982, "sad": 0.009324207901954651, "neutral": 0.0022689090110361576, "fear": 0.9749852418899536, "surprise": 0.010945354588329792}, "predicted": "fear", "max_conf": 0.9749852418899536}, "hypothesisId": "E", "timestamp": 1773191967420}
{"sessionId": "5a4602", "location": "pipeline.py:_process_file", "message": "preprocess_result", "data": {"audio_len": 80000, "audio_min": -1.0, "audio_max": 0.8629554510116577}, "hypothesisId": "B", "timestamp": 1773191984137}
{"sessionId": "5a4602", "location": "pipeline.py:_get_emotion_from_mel", "message": "audio_stats", "data": {"shape": [80000], "dtype": "float32", "min": -1.0, "max": 0.8629554510116577, "mean": -8.73057942953892e-05, "std": 0.07029446959495544, "nonzero_ratio": 0.4064875}, "hypothesisId": "D", "timestamp": 1773191984138}
{"sessionId": "5a4602", "location": "pipeline.py:_get_emotion_from_mel", "message": "mel_before_norm", "data": {"shape": [128, 157], "min": -80.0, "max": 1.9073486328125e-06, "mean": -65.07273864746094, "std": 20.08791160583496}, "hypothesisId": "C", "timestamp": 1773191984145}
{"sessionId": "5a4602", "location": "pipeline.py:_get_emotion_from_mel", "message": "tensor_stats", "data": {"shape": [1, 1, 128, 157], "min": -0.7430967092514038, "max": 3.2393980026245117}, "hypothesisId": "D", "timestamp": 1773191984145}
{"sessionId": "5a4602", "location": "pipeline.py:_get_emotion_from_mel", "message": "model_output", "data": {"probs": {"happy": 8.187006983462197e-07, "angry": 5.262700710773061e-07, "sad": 0.004211100749671459, "neutral": 1.7158805349026807e-05, "fear": 0.9957410097122192, "surprise": 2.9415663448162377e-05}, "predicted": "fear", "max_conf": 0.9957410097122192}, "hypothesisId": "E", "timestamp": 1773191984148}
{"sessionId": "5a4602", "location": "pipeline.py:_process_file", "message": "preprocess_result", "data": {"audio_len": 80000, "audio_min": -1.0, "audio_max": 0.882999062538147}, "hypothesisId": "B", "timestamp": 1773192008372}
{"sessionId": "5a4602", "location": "pipeline.py:_get_emotion_from_mel", "message": "audio_stats", "data": {"shape": [80000], "dtype": "float32", "min": -1.0, "max": 0.882999062538147, "mean": -0.00020585008314810693, "std": 0.08150508999824524, "nonzero_ratio": 0.5123625}, "hypothesisId": "D", "timestamp": 1773192008373}
{"sessionId": "5a4602", "location": "pipeline.py:_get_emotion_from_mel", "message": "mel_before_norm", "data": {"shape": [128, 157], "min": -80.0, "max": 1.9073486328125e-06, "mean": -61.180809020996094, "std": 20.22757911682129}, "hypothesisId": "C", "timestamp": 1773192008380}
{"sessionId": "5a4602", "location": "pipeline.py:_get_emotion_from_mel", "message": "tensor_stats", "data": {"shape": [1, 1, 128, 157], "min": -0.9303728938102722, "max": 3.024623394012451}, "hypothesisId": "D", "timestamp": 1773192008381}
{"sessionId": "5a4602", "location": "pipeline.py:_get_emotion_from_mel", "message": "model_output", "data": {"probs": {"happy": 4.5681903429795057e-05, "angry": 3.1771287467563525e-07, "sad": 0.9610510468482971, "neutral": 0.03807853162288666, "fear": 0.0008231074898503721, "surprise": 1.319032776336826e-06}, "predicted": "sad", "max_conf": 0.9610510468482971}, "hypothesisId": "E", "timestamp": 1773192008387}
{"sessionId": "5a4602", "location": "pipeline.py:_process_file", "message": "preprocess_result", "data": {"audio_len": 80000, "audio_min": -0.9794726967811584, "audio_max": 1.0}, "hypothesisId": "B", "timestamp": 1773192028422}
{"sessionId": "5a4602", "location": "pipeline.py:_get_emotion_from_mel", "message": "audio_stats", "data": {"shape": [80000], "dtype": "float32", "min": -0.9794726967811584, "max": 1.0, "mean": -2.7519728973857127e-05, "std": 0.09195913374423981, "nonzero_ratio": 0.390275}, "hypothesisId": "D", "timestamp": 1773192028423}
{"sessionId": "5a4602", "location": "pipeline.py:_get_emotion_from_mel", "message": "mel_before_norm", "data": {"shape": [128, 157], "min": -80.0, "max": 3.814697265625e-06, "mean": -66.54133605957031, "std": 18.4196834564209}, "hypothesisId": "C", "timestamp": 1773192028430}
{"sessionId": "5a4602", "location": "pipeline.py:_get_emotion_from_mel", "message": "tensor_stats", "data": {"shape": [1, 1, 128, 157], "min": -0.7306674718856812, "max": 3.6125123500823975}, "hypothesisId": "D", "timestamp": 1773192028430}
{"sessionId": "5a4602", "location": "pipeline.py:_get_emotion_from_mel", "message": "model_output", "data": {"probs": {"happy": 0.04619753733277321, "angry": 0.7951359748840332, "sad": 0.0058543323539197445, "neutral": 0.13752256333827972, "fear": 0.005133100785315037, "surprise": 0.010156509466469288}, "predicted": "angry", "max_conf": 0.7951359748840332}, "hypothesisId": "E", "timestamp": 1773192028434}
{"sessionId": "5a4602", "location": "pipeline.py:_process_file", "message": "preprocess_result", "data": {"audio_len": 80000, "audio_min": -1.0, "audio_max": 0.9715590476989746}, "hypothesisId": "B", "timestamp": 1773192045868}
{"sessionId": "5a4602", "location": "pipeline.py:_get_emotion_from_mel", "message": "audio_stats", "data": {"shape": [80000], "dtype": "float32", "min": -1.0, "max": 0.9715590476989746, "mean": -4.567419455270283e-05, "std": 0.08481176197528839, "nonzero_ratio": 0.618375}, "hypothesisId": "D", "timestamp": 1773192045868}
{"sessionId": "5a4602", "location": "pipeline.py:_get_emotion_from_mel", "message": "mel_before_norm", "data": {"shape": [128, 157], "min": -80.0, "max": 0.0, "mean": -61.14390182495117, "std": 17.859905242919922}, "hypothesisId": "C", "timestamp": 1773192045876}
{"sessionId": "5a4602", "location": "pipeline.py:_get_emotion_from_mel", "message": "tensor_stats", "data": {"shape": [1, 1, 128, 157], "min": -1.0557781457901, "max": 3.4235289096832275}, "hypothesisId": "D", "timestamp": 1773192045876}
{"sessionId": "5a4602", "location": "pipeline.py:_get_emotion_from_mel", "message": "model_output", "data": {"probs": {"happy": 6.846760811640706e-07, "angry": 6.694282319585909e-07, "sad": 0.7993028163909912, "neutral": 2.200585004175082e-05, "fear": 0.2006472647190094, "surprise": 2.652443254191894e-05}, "predicted": "sad", "max_conf": 0.7993028163909912}, "hypothesisId": "E", "timestamp": 1773192045881}
{"sessionId": "5a4602", "location": "pipeline.py:_process_file", "message": "preprocess_result", "data": {"audio_len": 80000, "audio_min": -1.0, "audio_max": 0.8516801595687866}, "hypothesisId": "B", "timestamp": 1773192067115}
{"sessionId": "5a4602", "location": "pipeline.py:_get_emotion_from_mel", "message": "audio_stats", "data": {"shape": [80000], "dtype": "float32", "min": -1.0, "max": 0.8516801595687866, "mean": -9.301930390392954e-07, "std": 0.0892617478966713, "nonzero_ratio": 0.3324}, "hypothesisId": "D", "timestamp": 1773192067116}
{"sessionId": "5a4602", "location": "pipeline.py:_get_emotion_from_mel", "message": "mel_before_norm", "data": {"shape": [128, 157], "min": -80.0, "max": 0.0, "mean": -69.32592010498047, "std": 17.011869430541992}, "hypothesisId": "C", "timestamp": 1773192067123}
{"sessionId": "5a4602", "location": "pipeline.py:_get_emotion_from_mel", "message": "tensor_stats", "data": {"shape": [1, 1, 128, 157], "min": -0.6274489760398865, "max": 4.075150012969971}, "hypothesisId": "D", "timestamp": 1773192067124}
{"sessionId": "5a4602", "location": "pipeline.py:_get_emotion_from_mel", "message": "model_output", "data": {"probs": {"happy": 0.007878114469349384, "angry": 0.5430222749710083, "sad": 0.24455951154232025, "neutral": 0.0099714994430542, "fear": 0.15754848718643188, "surprise": 0.037020131945610046}, "predicted": "angry", "max_conf": 0.5430222749710083}, "hypothesisId": "E", "timestamp": 1773192067127}
{"sessionId": "5a4602", "location": "pipeline.py:_process_file", "message": "preprocess_result", "data": {"audio_len": 80000, "audio_min": -1.0, "audio_max": 0.857443630695343}, "hypothesisId": "B", "timestamp": 1773192099708}
{"sessionId": "5a4602", "location": "pipeline.py:_get_emotion_from_mel", "message": "audio_stats", "data": {"shape": [80000], "dtype": "float32", "min": -1.0, "max": 0.857443630695343, "mean": 2.8068720894225407e-06, "std": 0.11204434186220169, "nonzero_ratio": 0.319725}, "hypothesisId": "D", "timestamp": 1773192099710}
{"sessionId": "5a4602", "location": "pipeline.py:_get_emotion_from_mel", "message": "mel_before_norm", "data": {"shape": [128, 157], "min": -80.0, "max": 3.814697265625e-06, "mean": -69.00890350341797, "std": 17.658906936645508}, "hypothesisId": "C", "timestamp": 1773192099717}
{"sessionId": "5a4602", "location": "pipeline.py:_get_emotion_from_mel", "message": "tensor_stats", "data": {"shape": [1, 1, 128, 157], "min": -0.6224108934402466, "max": 3.907881259918213}, "hypothesisId": "D", "timestamp": 1773192099718}
{"sessionId": "5a4602", "location": "pipeline.py:_get_emotion_from_mel", "message": "model_output", "data": {"probs": {"happy": 0.0004570955061353743, "angry": 0.10405971854925156, "sad": 0.21327677369117737, "neutral": 0.05730598419904709, "fear": 0.6152371168136597, "surprise": 0.009663312695920467}, "predicted": "fear", "max_conf": 0.6152371168136597}, "hypothesisId": "E", "timestamp": 1773192099721}
{"sessionId": "5a4602", "location": "pipeline.py:_load_cnn_model", "message": "model_load_attempt", "data": {"path": "checkpoints/best_emotion.pth", "exists": true}, "hypothesisId": "A", "timestamp": 1773192585208}
{"sessionId": "5a4602", "location": "pipeline.py:_load_cnn_model", "message": "key_match", "data": {"model_key_count": 81, "ckpt_key_count": 81, "missing_in_ckpt": [], "extra_in_ckpt": []}, "hypothesisId": "A", "timestamp": 1773192585229}
{"sessionId": "5a4602", "location": "pipeline.py:_process_file", "message": "preprocess_result", "data": {"audio_len": 80000, "audio_min": -0.7554648518562317, "audio_max": 1.0}, "hypothesisId": "B", "timestamp": 1773192589161}
{"sessionId": "5a4602", "location": "pipeline.py:_get_emotion_from_mel", "message": "audio_stats", "data": {"shape": [80000], "dtype": "float32", "min": -0.7554648518562317, "max": 1.0, "mean": -0.0010601223912090063, "std": 0.06895215809345245, "nonzero_ratio": 0.2431375}, "hypothesisId": "D", "timestamp": 1773192589162}
{"sessionId": "5a4602", "location": "pipeline.py:_get_emotion_from_mel", "message": "mel_before_norm", "data": {"shape": [128, 157], "min": -80.0, "max": 1.9073486328125e-06, "mean": -70.5530014038086, "std": 18.363128662109375}, "hypothesisId": "C", "timestamp": 1773192589170}
{"sessionId": "5a4602", "location": "pipeline.py:_get_emotion_from_mel", "message": "tensor_stats", "data": {"shape": [1, 1, 128, 157], "min": -0.51445472240448, "max": 3.8421013355255127}, "hypothesisId": "D", "timestamp": 1773192589180}
{"sessionId": "5a4602", "location": "pipeline.py:_get_emotion_from_mel", "message": "model_output", "data": {"probs": {"happy": 0.9096865653991699, "angry": 0.03863467648625374, "sad": 4.1415034502279013e-05, "neutral": 0.009967943653464317, "fear": 5.203372438700171e-06, "surprise": 0.041664186865091324}, "predicted": "happy", "max_conf": 0.9096865653991699}, "hypothesisId": "E", "timestamp": 1773192589332}
{"sessionId": "5a4602", "location": "pipeline.py:_process_file", "message": "preprocess_result", "data": {"audio_len": 80000, "audio_min": -0.9472521543502808, "audio_max": 1.0}, "hypothesisId": "B", "timestamp": 1773192601918}
{"sessionId": "5a4602", "location": "pipeline.py:_get_emotion_from_mel", "message": "audio_stats", "data": {"shape": [80000], "dtype": "float32", "min": -0.9472521543502808, "max": 1.0, "mean": -0.0009818043326959014, "std": 0.08588048070669174, "nonzero_ratio": 0.217475}, "hypothesisId": "D", "timestamp": 1773192601918}
{"sessionId": "5a4602", "location": "pipeline.py:_get_emotion_from_mel", "message": "mel_before_norm", "data": {"shape": [128, 157], "min": -80.0, "max": 1.9073486328125e-06, "mean": -70.8716812133789, "std": 18.591293334960938}, "hypothesisId": "C", "timestamp": 1773192601925}
{"sessionId": "5a4602", "location": "pipeline.py:_get_emotion_from_mel", "message": "tensor_stats", "data": {"shape": [1, 1, 128, 157], "min": -0.49099966883659363, "max": 3.8120899200439453}, "hypothesisId": "D", "timestamp": 1773192601926}
{"sessionId": "5a4602", "location": "pipeline.py:_get_emotion_from_mel", "message": "model_output", "data": {"probs": {"happy": 0.3483066260814667, "angry": 0.05404640734195709, "sad": 0.05647857487201691, "neutral": 0.17030169069766998, "fear": 0.015307390131056309, "surprise": 0.3555593192577362}, "predicted": "surprise", "max_conf": 0.3555593192577362}, "hypothesisId": "E", "timestamp": 1773192601929}
{"sessionId": "5a4602", "location": "pipeline.py:_process_file", "message": "preprocess_result", "data": {"audio_len": 80000, "audio_min": -0.8215619921684265, "audio_max": 1.0}, "hypothesisId": "B", "timestamp": 1773192613148}
{"sessionId": "5a4602", "location": "pipeline.py:_get_emotion_from_mel", "message": "audio_stats", "data": {"shape": [80000], "dtype": "float32", "min": -0.8215619921684265, "max": 1.0, "mean": -0.0008897346560843289, "std": 0.06641680747270584, "nonzero_ratio": 0.2046125}, "hypothesisId": "D", "timestamp": 1773192613149}
{"sessionId": "5a4602", "location": "pipeline.py:_get_emotion_from_mel", "message": "mel_before_norm", "data": {"shape": [128, 157], "min": -80.0, "max": 0.0, "mean": -72.54293823242188, "std": 16.10642433166504}, "hypothesisId": "C", "timestamp": 1773192613156}
{"sessionId": "5a4602", "location": "pipeline.py:_get_emotion_from_mel", "message": "tensor_stats", "data": {"shape": [1, 1, 128, 157], "min": -0.4629867970943451, "max": 4.5039753913879395}, "hypothesisId": "D", "timestamp": 1773192613156}
{"sessionId": "5a4602", "location": "pipeline.py:_get_emotion_from_mel", "message": "model_output", "data": {"probs": {"happy": 0.4461829960346222, "angry": 0.15799298882484436, "sad": 0.05528943985700607, "neutral": 0.10733305662870407, "fear": 0.042800936847925186, "surprise": 0.1904006004333496}, "predicted": "happy", "max_conf": 0.4461829960346222}, "hypothesisId": "E", "timestamp": 1773192613160}
{"sessionId": "5a4602", "location": "pipeline.py:_process_file", "message": "preprocess_result", "data": {"audio_len": 80000, "audio_min": -0.9320181608200073, "audio_max": 1.0}, "hypothesisId": "B", "timestamp": 1773192626073}
{"sessionId": "5a4602", "location": "pipeline.py:_get_emotion_from_mel", "message": "audio_stats", "data": {"shape": [80000], "dtype": "float32", "min": -0.9320181608200073, "max": 1.0, "mean": -0.001450641779229045, "std": 0.07564333826303482, "nonzero_ratio": 0.294175}, "hypothesisId": "D", "timestamp": 1773192626073}
{"sessionId": "5a4602", "location": "pipeline.py:_get_emotion_from_mel", "message": "mel_before_norm", "data": {"shape": [128, 157], "min": -80.0, "max": 1.9073486328125e-06, "mean": -68.73645782470703, "std": 19.342741012573242}, "hypothesisId": "C", "timestamp": 1773192626080}
{"sessionId": "5a4602", "location": "pipeline.py:_get_emotion_from_mel", "message": "tensor_stats", "data": {"shape": [1, 1, 128, 157], "min": -0.5823136568069458, "max": 3.5536048412323}, "hypothesisId": "D", "timestamp": 1773192626081}
{"sessionId": "5a4602", "location": "pipeline.py:_get_emotion_from_mel", "message": "model_output", "data": {"probs": {"happy": 0.23304300010204315, "angry": 0.20681549608707428, "sad": 0.042006973177194595, "neutral": 0.23997949063777924, "fear": 0.04422283545136452, "surprise": 0.23393221199512482}, "predicted": "neutral", "max_conf": 0.23997949063777924}, "hypothesisId": "E", "timestamp": 1773192626084}
{"sessionId": "5a4602", "location": "pipeline.py:_process_file", "message": "preprocess_result", "data": {"audio_len": 80000, "audio_min": -1.0, "audio_max": 0.8339270949363708}, "hypothesisId": "B", "timestamp": 1773192636583}
{"sessionId": "5a4602", "location": "pipeline.py:_get_emotion_from_mel", "message": "audio_stats", "data": {"shape": [80000], "dtype": "float32", "min": -1.0, "max": 0.8339270949363708, "mean": -0.0014104711590334773, "std": 0.08307266235351562, "nonzero_ratio": 0.26865}, "hypothesisId": "D", "timestamp": 1773192636584}
{"sessionId": "5a4602", "location": "pipeline.py:_get_emotion_from_mel", "message": "mel_before_norm", "data": {"shape": [128, 157], "min": -80.0, "max": 1.9073486328125e-06, "mean": -70.70630645751953, "std": 17.372926712036133}, "hypothesisId": "C", "timestamp": 1773192636591}
{"sessionId": "5a4602", "location": "pipeline.py:_get_emotion_from_mel", "message": "tensor_stats", "data": {"shape": [1, 1, 128, 157], "min": -0.534952700138092, "max": 4.069913387298584}, "hypothesisId": "D", "timestamp": 1773192636591}
{"sessionId": "5a4602", "location": "pipeline.py:_get_emotion_from_mel", "message": "model_output", "data": {"probs": {"happy": 0.05415297672152519, "angry": 0.8863607048988342, "sad": 0.0005760507192462683, "neutral": 0.01685420796275139, "fear": 0.004168504383414984, "surprise": 0.03788759931921959}, "predicted": "angry", "max_conf": 0.8863607048988342}, "hypothesisId": "E", "timestamp": 1773192636595}
{"sessionId": "5a4602", "location": "pipeline.py:_process_file", "message": "preprocess_result", "data": {"audio_len": 80000, "audio_min": -0.7306183576583862, "audio_max": 1.0}, "hypothesisId": "B", "timestamp": 1773192645263}
{"sessionId": "5a4602", "location": "pipeline.py:_get_emotion_from_mel", "message": "audio_stats", "data": {"shape": [80000], "dtype": "float32", "min": -0.7306183576583862, "max": 1.0, "mean": -0.0009128756355494261, "std": 0.06789343059062958, "nonzero_ratio": 0.23655}, "hypothesisId": "D", "timestamp": 1773192645263}
{"sessionId": "5a4602", "location": "pipeline.py:_get_emotion_from_mel", "message": "mel_before_norm", "data": {"shape": [128, 157], "min": -80.0, "max": 0.0, "mean": -70.48184204101562, "std": 18.394742965698242}, "hypothesisId": "C", "timestamp": 1773192645270}
{"sessionId": "5a4602", "location": "pipeline.py:_get_emotion_from_mel", "message": "tensor_stats", "data": {"shape": [1, 1, 128, 157], "min": -0.5174390077590942, "max": 3.831629514694214}, "hypothesisId": "D", "timestamp": 1773192645271}
{"sessionId": "5a4602", "location": "pipeline.py:_get_emotion_from_mel", "message": "model_output", "data": {"probs": {"happy": 0.4374493658542633, "angry": 0.145890012383461, "sad": 0.001355942222289741, "neutral": 0.1835440695285797, "fear": 0.00018084245675709099, "surprise": 0.23157978057861328}, "predicted": "happy", "max_conf": 0.4374493658542633}, "hypothesisId": "E", "timestamp": 1773192645275}
{"sessionId": "5a4602", "location": "pipeline.py:_process_file", "message": "preprocess_result", "data": {"audio_len": 80000, "audio_min": -1.0, "audio_max": 0.8358688354492188}, "hypothesisId": "B", "timestamp": 1773192667899}
{"sessionId": "5a4602", "location": "pipeline.py:_get_emotion_from_mel", "message": "audio_stats", "data": {"shape": [80000], "dtype": "float32", "min": -1.0, "max": 0.8358688354492188, "mean": -1.4205193110683467e-05, "std": 0.09912065416574478, "nonzero_ratio": 0.2944}, "hypothesisId": "D", "timestamp": 1773192667899}
{"sessionId": "5a4602", "location": "pipeline.py:_get_emotion_from_mel", "message": "mel_before_norm", "data": {"shape": [128, 157], "min": -80.0, "max": 0.0, "mean": -71.4928970336914, "std": 15.79692268371582}, "hypothesisId": "C", "timestamp": 1773192667908}
{"sessionId": "5a4602", "location": "pipeline.py:_get_emotion_from_mel", "message": "tensor_stats", "data": {"shape": [1, 1, 128, 157], "min": -0.538529098033905, "max": 4.525748252868652}, "hypothesisId": "D", "timestamp": 1773192667908}
{"sessionId": "5a4602", "location": "pipeline.py:_get_emotion_from_mel", "message": "model_output", "data": {"probs": {"happy": 0.9961532950401306, "angry": 0.002514815190806985, "sad": 2.8177622880320996e-05, "neutral": 1.6520447161383345e-06, "fear": 2.433718861993839e-07, "surprise": 0.001301862532272935}, "predicted": "happy", "max_conf": 0.9961532950401306}, "hypothesisId": "E", "timestamp": 1773192667912}
{"sessionId": "5a4602", "location": "pipeline.py:_process_file", "message": "preprocess_result", "data": {"audio_len": 80000, "audio_min": -0.7934539318084717, "audio_max": 1.0}, "hypothesisId": "B", "timestamp": 1773192674976}
{"sessionId": "5a4602", "location": "pipeline.py:_get_emotion_from_mel", "message": "audio_stats", "data": {"shape": [80000], "dtype": "float32", "min": -0.7934539318084717, "max": 1.0, "mean": -2.351923285459634e-05, "std": 0.08228826522827148, "nonzero_ratio": 0.32}, "hypothesisId": "D", "timestamp": 1773192674978}
{"sessionId": "5a4602", "location": "pipeline.py:_get_emotion_from_mel", "message": "mel_before_norm", "data": {"shape": [128, 157], "min": -80.0, "max": 1.9073486328125e-06, "mean": -69.78560638427734, "std": 17.166807174682617}, "hypothesisId": "C", "timestamp": 1773192674985}
{"sessionId": "5a4602", "location": "pipeline.py:_get_emotion_from_mel", "message": "tensor_stats", "data": {"shape": [1, 1, 128, 157], "min": -0.595008373260498, "max": 4.065147876739502}, "hypothesisId": "D", "timestamp": 1773192674986}
{"sessionId": "5a4602", "location": "pipeline.py:_get_emotion_from_mel", "message": "model_output", "data": {"probs": {"happy": 0.9999547004699707, "angry": 2.7231528747506673e-06, "sad": 1.2768024134857114e-05, "neutral": 5.884812637191317e-09, "fear": 1.3855725455869106e-07, "surprise": 2.9709373848163523e-05}, "predicted": "happy", "max_conf": 0.9999547004699707}, "hypothesisId": "E", "timestamp": 1773192674988}
{"sessionId": "5a4602", "location": "pipeline.py:_process_file", "message": "preprocess_result", "data": {"audio_len": 80000, "audio_min": -1.0, "audio_max": 0.9926122426986694}, "hypothesisId": "B", "timestamp": 1773192681779}
{"sessionId": "5a4602", "location": "pipeline.py:_get_emotion_from_mel", "message": "audio_stats", "data": {"shape": [80000], "dtype": "float32", "min": -1.0, "max": 0.9926122426986694, "mean": -1.938677996804472e-05, "std": 0.10648245364427567, "nonzero_ratio": 0.3456}, "hypothesisId": "D", "timestamp": 1773192681779}
{"sessionId": "5a4602", "location": "pipeline.py:_get_emotion_from_mel", "message": "mel_before_norm", "data": {"shape": [128, 157], "min": -80.0, "max": 3.814697265625e-06, "mean": -69.52227783203125, "std": 17.07062530517578}, "hypothesisId": "C", "timestamp": 1773192681786}
{"sessionId": "5a4602", "location": "pipeline.py:_get_emotion_from_mel", "message": "tensor_stats", "data": {"shape": [1, 1, 128, 157], "min": -0.6137866377830505, "max": 4.072626113891602}, "hypothesisId": "D", "timestamp": 1773192681786}
{"sessionId": "5a4602", "location": "pipeline.py:_get_emotion_from_mel", "message": "model_output", "data": {"probs": {"happy": 0.999526858329773, "angry": 3.3163773878186475e-06, "sad": 0.0004215080989524722, "neutral": 3.7521056128753116e-07, "fear": 8.386878391775099e-08, "surprise": 4.781336974701844e-05}, "predicted": "happy", "max_conf": 0.999526858329773}, "hypothesisId": "E", "timestamp": 1773192681789}
{"sessionId": "5a4602", "location": "pipeline.py:_process_file", "message": "preprocess_result", "data": {"audio_len": 80000, "audio_min": -1.0, "audio_max": 0.913977324962616}, "hypothesisId": "B", "timestamp": 1773192691926}
{"sessionId": "5a4602", "location": "pipeline.py:_get_emotion_from_mel", "message": "audio_stats", "data": {"shape": [80000], "dtype": "float32", "min": -1.0, "max": 0.913977324962616, "mean": -3.599907722673379e-05, "std": 0.10356785356998444, "nonzero_ratio": 0.31205}, "hypothesisId": "D", "timestamp": 1773192691926}
{"sessionId": "5a4602", "location": "pipeline.py:_get_emotion_from_mel", "message": "mel_before_norm", "data": {"shape": [128, 157], "min": -80.0, "max": 0.0, "mean": -70.87127685546875, "std": 15.810412406921387}, "hypothesisId": "C", "timestamp": 1773192691934}
{"sessionId": "5a4602", "location": "pipeline.py:_get_emotion_from_mel", "message": "tensor_stats", "data": {"shape": [1, 1, 128, 157], "min": -0.5773867964744568, "max": 4.482569694519043}, "hypothesisId": "D", "timestamp": 1773192691935}
{"sessionId": "5a4602", "location": "pipeline.py:_get_emotion_from_mel", "message": "model_output", "data": {"probs": {"happy": 0.9999240636825562, "angry": 1.0354364349041134e-05, "sad": 3.9422925510734785e-06, "neutral": 4.494086738304759e-07, "fear": 1.7399170815224352e-07, "surprise": 6.110628601163626e-05}, "predicted": "happy", "max_conf": 0.9999240636825562}, "hypothesisId": "E", "timestamp": 1773192691938}
{"sessionId": "5a4602", "location": "pipeline.py:_process_file", "message": "preprocess_result", "data": {"audio_len": 80000, "audio_min": -1.0, "audio_max": 0.8537880182266235}, "hypothesisId": "B", "timestamp": 1773192701135}
{"sessionId": "5a4602", "location": "pipeline.py:_get_emotion_from_mel", "message": "audio_stats", "data": {"shape": [80000], "dtype": "float32", "min": -1.0, "max": 0.8537880182266235, "mean": -4.610784162650816e-05, "std": 0.1173160970211029, "nonzero_ratio": 0.2624}, "hypothesisId": "D", "timestamp": 1773192701136}
{"sessionId": "5a4602", "location": "pipeline.py:_get_emotion_from_mel", "message": "mel_before_norm", "data": {"shape": [128, 157], "min": -80.0, "max": 0.0, "mean": -71.82862854003906, "std": 15.682451248168945}, "hypothesisId": "C", "timestamp": 1773192701144}
{"sessionId": "5a4602", "location": "pipeline.py:_get_emotion_from_mel", "message": "tensor_stats", "data": {"shape": [1, 1, 128, 157], "min": -0.5210519433021545, "max": 4.580191612243652}, "hypothesisId": "D", "timestamp": 1773192701144}
{"sessionId": "5a4602", "location": "pipeline.py:_get_emotion_from_mel", "message": "model_output", "data": {"probs": {"happy": 0.9999170303344727, "angry": 4.4227657781448215e-05, "sad": 4.55004879995613e-07, "neutral": 1.830792655255209e-07, "fear": 2.0210743301163347e-08, "surprise": 3.8047583075240254e-05}, "predicted": "happy", "max_conf": 0.9999170303344727}, "hypothesisId": "E", "timestamp": 1773192701148}
{"sessionId": "5a4602", "location": "pipeline.py:_process_file", "message": "preprocess_result", "data": {"audio_len": 80000, "audio_min": -1.0, "audio_max": 0.9921807050704956}, "hypothesisId": "B", "timestamp": 1773192714458}
{"sessionId": "5a4602", "location": "pipeline.py:_get_emotion_from_mel", "message": "audio_stats", "data": {"shape": [80000], "dtype": "float32", "min": -1.0, "max": 0.9921807050704956, "mean": 3.508800364215858e-05, "std": 0.10741845518350601, "nonzero_ratio": 0.300225}, "hypothesisId": "D", "timestamp": 1773192714459}
{"sessionId": "5a4602", "location": "pipeline.py:_get_emotion_from_mel", "message": "mel_before_norm", "data": {"shape": [128, 157], "min": -80.0, "max": 3.814697265625e-06, "mean": -72.86029052734375, "std": 13.984890937805176}, "hypothesisId": "C", "timestamp": 1773192714466}
{"sessionId": "5a4602", "location": "pipeline.py:_get_emotion_from_mel", "message": "tensor_stats", "data": {"shape": [1, 1, 128, 157], "min": -0.5105302333831787, "max": 5.2099289894104}, "hypothesisId": "D", "timestamp": 1773192714467}
{"sessionId": "5a4602", "location": "pipeline.py:_get_emotion_from_mel", "message": "model_output", "data": {"probs": {"happy": 5.376051035455021e-07, "angry": 0.999992847442627, "sad": 6.439186563511612e-06, "neutral": 9.664533173747714e-09, "fear": 1.1451602688339335e-07, "surprise": 8.900333625661005e-08}, "predicted": "angry", "max_conf": 0.999992847442627}, "hypothesisId": "E", "timestamp": 1773192714470}
{"sessionId": "5a4602", "location": "pipeline.py:_process_file", "message": "preprocess_result", "data": {"audio_len": 80000, "audio_min": -1.0, "audio_max": 0.8804705739021301}, "hypothesisId": "B", "timestamp": 1773192725166}
{"sessionId": "5a4602", "location": "pipeline.py:_get_emotion_from_mel", "message": "audio_stats", "data": {"shape": [80000], "dtype": "float32", "min": -1.0, "max": 0.8804705739021301, "mean": -0.0002813778119161725, "std": 0.10880927741527557, "nonzero_ratio": 0.2432}, "hypothesisId": "D", "timestamp": 1773192725166}
{"sessionId": "5a4602", "location": "pipeline.py:_get_emotion_from_mel", "message": "mel_before_norm", "data": {"shape": [128, 157], "min": -80.0, "max": 0.0, "mean": -73.35218811035156, "std": 14.07747745513916}, "hypothesisId": "C", "timestamp": 1773192725174}
{"sessionId": "5a4602", "location": "pipeline.py:_get_emotion_from_mel", "message": "tensor_stats", "data": {"shape": [1, 1, 128, 157], "min": -0.47223034501075745, "max": 5.210606098175049}, "hypothesisId": "D", "timestamp": 1773192725174}
{"sessionId": "5a4602", "location": "pipeline.py:_get_emotion_from_mel", "message": "model_output", "data": {"probs": {"happy": 1.6281106240967347e-07, "angry": 0.9999970197677612, "sad": 4.015832075765502e-07, "neutral": 2.8554263398206103e-09, "fear": 2.471416792104719e-06, "surprise": 2.9739457563238147e-09}, "predicted": "angry", "max_conf": 0.9999970197677612}, "hypothesisId": "E", "timestamp": 1773192725177}
{"sessionId": "5a4602", "location": "pipeline.py:_process_file", "message": "preprocess_result", "data": {"audio_len": 80000, "audio_min": -1.0, "audio_max": 0.6560903787612915}, "hypothesisId": "B", "timestamp": 1773192736803}
{"sessionId": "5a4602", "location": "pipeline.py:_get_emotion_from_mel", "message": "audio_stats", "data": {"shape": [80000], "dtype": "float32", "min": -1.0, "max": 0.6560903787612915, "mean": -0.000256784405792132, "std": 0.12160509079694748, "nonzero_ratio": 0.2840625}, "hypothesisId": "D", "timestamp": 1773192736803}
{"sessionId": "5a4602", "location": "pipeline.py:_get_emotion_from_mel", "message": "mel_before_norm", "data": {"shape": [128, 157], "min": -80.0, "max": 3.814697265625e-06, "mean": -72.50132751464844, "std": 14.425789833068848}, "hypothesisId": "C", "timestamp": 1773192736811}
{"sessionId": "5a4602", "location": "pipeline.py:_get_emotion_from_mel", "message": "tensor_stats", "data": {"shape": [1, 1, 128, 157], "min": -0.5198101997375488, "max": 5.025813579559326}, "hypothesisId": "D", "timestamp": 1773192736811}
{"sessionId": "5a4602", "location": "pipeline.py:_get_emotion_from_mel", "message": "model_output", "data": {"probs": {"happy": 2.988179703677929e-09, "angry": 2.4150970112657433e-09, "sad": 3.7525737184296304e-07, "neutral": 1.2015577421919943e-10, "fear": 0.9999996423721313, "surprise": 1.0122908733478653e-08}, "predicted": "fear", "max_conf": 0.9999996423721313}, "hypothesisId": "E", "timestamp": 1773192736816}
{"sessionId": "5a4602", "location": "pipeline.py:_process_file", "message": "preprocess_result", "data": {"audio_len": 80000, "audio_min": -1.0, "audio_max": 0.6904548406600952}, "hypothesisId": "B", "timestamp": 1773192744239}
{"sessionId": "5a4602", "location": "pipeline.py:_get_emotion_from_mel", "message": "audio_stats", "data": {"shape": [80000], "dtype": "float32", "min": -1.0, "max": 0.6904548406600952, "mean": 0.0001253451337106526, "std": 0.1264019012451172, "nonzero_ratio": 0.3056375}, "hypothesisId": "D", "timestamp": 1773192744240}
{"sessionId": "5a4602", "location": "pipeline.py:_get_emotion_from_mel", "message": "mel_before_norm", "data": {"shape": [128, 157], "min": -80.0, "max": 0.0, "mean": -72.13166809082031, "std": 14.377976417541504}, "hypothesisId": "C", "timestamp": 1773192744249}
{"sessionId": "5a4602", "location": "pipeline.py:_get_emotion_from_mel", "message": "tensor_stats", "data": {"shape": [1, 1, 128, 157], "min": -0.547248899936676, "max": 5.01681661605835}, "hypothesisId": "D", "timestamp": 1773192744249}
{"sessionId": "5a4602", "location": "pipeline.py:_get_emotion_from_mel", "message": "model_output", "data": {"probs": {"happy": 1.1478676897880291e-09, "angry": 1.6020701432140072e-10, "sad": 2.2252018538893026e-07, "neutral": 3.679785295918059e-11, "fear": 0.9999997615814209, "surprise": 7.744366037343298e-09}, "predicted": "fear", "max_conf": 0.9999997615814209}, "hypothesisId": "E", "timestamp": 1773192744254}
